C:\USERS\HYPERVISORII\DOCUMENTS\CS418\TEAPOTCONTEST\DEBUG\DEMOOPENGLVS10.EXE
C:\USERS\HYPERVISORII\DOCUMENTS\CS418\TEAPOTCONTEST\DEBUG\DEMOOPENGLVS10.ILK
C:\USERS\HYPERVISORII\DOCUMENTS\CS418\TEAPOTCONTEST\DEBUG\DEMOOPENGLVS10.PDB
C:\Users\hypervisorII\Documents\CS418\TeapotContest\DemoOpenGLVS10\Debug\cl.command.1.tlog
C:\Users\hypervisorII\Documents\CS418\TeapotContest\DemoOpenGLVS10\Debug\CL.read.1.tlog
C:\Users\hypervisorII\Documents\CS418\TeapotContest\DemoOpenGLVS10\Debug\CL.write.1.tlog
C:\USERS\HYPERVISORII\DOCUMENTS\CS418\TEAPOTCONTEST\DEMOOPENGLVS10\DEBUG\DEMOOPENGLVS10.EXE.EMBED.MANIFEST
C:\USERS\HYPERVISORII\DOCUMENTS\CS418\TEAPOTCONTEST\DEMOOPENGLVS10\DEBUG\DEMOOPENGLVS10.EXE.EMBED.MANIFEST.RES
C:\USERS\HYPERVISORII\DOCUMENTS\CS418\TEAPOTCONTEST\DEMOOPENGLVS10\DEBUG\DEMOOPENGLVS10.EXE.INTERMEDIATE.MANIFEST
C:\Users\hypervisorII\Documents\CS418\TeapotContest\DemoOpenGLVS10\Debug\DemoOpenGLVS10_manifest.rc
C:\USERS\HYPERVISORII\DOCUMENTS\CS418\TEAPOTCONTEST\DEMOOPENGLVS10\DEBUG\GENERAL_UTILS.OBJ
C:\Users\hypervisorII\Documents\CS418\TeapotContest\DemoOpenGLVS10\Debug\link.4660.read.1.tlog
C:\Users\hypervisorII\Documents\CS418\TeapotContest\DemoOpenGLVS10\Debug\link.4660.write.1.tlog
C:\Users\hypervisorII\Documents\CS418\TeapotContest\DemoOpenGLVS10\Debug\link.4660-cvtres.read.1.tlog
C:\Users\hypervisorII\Documents\CS418\TeapotContest\DemoOpenGLVS10\Debug\link.4660-cvtres.write.1.tlog
C:\Users\hypervisorII\Documents\CS418\TeapotContest\DemoOpenGLVS10\Debug\link.6012.read.1.tlog
C:\Users\hypervisorII\Documents\CS418\TeapotContest\DemoOpenGLVS10\Debug\link.6012.write.1.tlog
C:\Users\hypervisorII\Documents\CS418\TeapotContest\DemoOpenGLVS10\Debug\link.6012-cvtres.read.1.tlog
C:\Users\hypervisorII\Documents\CS418\TeapotContest\DemoOpenGLVS10\Debug\link.6012-cvtres.write.1.tlog
C:\Users\hypervisorII\Documents\CS418\TeapotContest\DemoOpenGLVS10\Debug\link.6112.read.1.tlog
C:\Users\hypervisorII\Documents\CS418\TeapotContest\DemoOpenGLVS10\Debug\link.6112.write.1.tlog
C:\Users\hypervisorII\Documents\CS418\TeapotContest\DemoOpenGLVS10\Debug\link.6112-cvtres.read.1.tlog
C:\Users\hypervisorII\Documents\CS418\TeapotContest\DemoOpenGLVS10\Debug\link.6112-cvtres.write.1.tlog
C:\Users\hypervisorII\Documents\CS418\TeapotContest\DemoOpenGLVS10\Debug\link.7240.read.1.tlog
C:\Users\hypervisorII\Documents\CS418\TeapotContest\DemoOpenGLVS10\Debug\link.7240.write.1.tlog
C:\Users\hypervisorII\Documents\CS418\TeapotContest\DemoOpenGLVS10\Debug\link.7240-cvtres.read.1.tlog
C:\Users\hypervisorII\Documents\CS418\TeapotContest\DemoOpenGLVS10\Debug\link.7240-cvtres.write.1.tlog
C:\Users\hypervisorII\Documents\CS418\TeapotContest\DemoOpenGLVS10\Debug\link.7492.read.1.tlog
C:\Users\hypervisorII\Documents\CS418\TeapotContest\DemoOpenGLVS10\Debug\link.7492.write.1.tlog
C:\Users\hypervisorII\Documents\CS418\TeapotContest\DemoOpenGLVS10\Debug\link.7492-cvtres.read.1.tlog
C:\Users\hypervisorII\Documents\CS418\TeapotContest\DemoOpenGLVS10\Debug\link.7492-cvtres.write.1.tlog
C:\Users\hypervisorII\Documents\CS418\TeapotContest\DemoOpenGLVS10\Debug\link.command.1.tlog
C:\Users\hypervisorII\Documents\CS418\TeapotContest\DemoOpenGLVS10\Debug\link.read.1.tlog
C:\Users\hypervisorII\Documents\CS418\TeapotContest\DemoOpenGLVS10\Debug\link.write.1.tlog
C:\Users\hypervisorII\Documents\CS418\TeapotContest\DemoOpenGLVS10\Debug\link-cvtres.read.1.tlog
C:\Users\hypervisorII\Documents\CS418\TeapotContest\DemoOpenGLVS10\Debug\link-cvtres.write.1.tlog
C:\USERS\HYPERVISORII\DOCUMENTS\CS418\TEAPOTCONTEST\DEMOOPENGLVS10\DEBUG\MAIN.OBJ
C:\USERS\HYPERVISORII\DOCUMENTS\CS418\TEAPOTCONTEST\DEMOOPENGLVS10\DEBUG\MESH_DATA.OBJ
C:\Users\hypervisorII\Documents\CS418\TeapotContest\DemoOpenGLVS10\Debug\mt.command.1.tlog
C:\Users\hypervisorII\Documents\CS418\TeapotContest\DemoOpenGLVS10\Debug\mt.read.1.tlog
C:\Users\hypervisorII\Documents\CS418\TeapotContest\DemoOpenGLVS10\Debug\mt.write.1.tlog
C:\Users\hypervisorII\Documents\CS418\TeapotContest\DemoOpenGLVS10\Debug\rc.command.1.tlog
C:\Users\hypervisorII\Documents\CS418\TeapotContest\DemoOpenGLVS10\Debug\rc.read.1.tlog
C:\Users\hypervisorII\Documents\CS418\TeapotContest\DemoOpenGLVS10\Debug\rc.write.1.tlog
C:\Users\hypervisorII\Documents\CS418\TeapotContest\DemoOpenGLVS10\Debug\vc100.idb
C:\USERS\HYPERVISORII\DOCUMENTS\CS418\TEAPOTCONTEST\DEMOOPENGLVS10\DEBUG\VC100.PDB
